<?xml version="1.0" encoding="UTF-8"?>
<testng-results skipped="0" failed="0" ignored="0" total="1" passed="1">
  <reporter-output>
  </reporter-output>
  <suite name="Default suite" duration-ms="12018" started-at="2023-12-16T11:01:24Z" finished-at="2023-12-16T11:01:36Z">
    <groups>
    </groups>
    <test name="Default test" duration-ms="12018" started-at="2023-12-16T11:01:24Z" finished-at="2023-12-16T11:01:36Z">
      <class name="employeerecordtesting.EmployeeData">
        <test-method status="PASS" signature="deleteAnEmployeeRecord()[pri:0, instance:employeerecordtesting.EmployeeData@478190fc]" name="deleteAnEmployeeRecord" duration-ms="11886" started-at="2023-12-16T11:01:24Z" finished-at="2023-12-16T11:01:36Z">
          <reporter-output>
          </reporter-output>
        </test-method> <!-- deleteAnEmployeeRecord -->
      </class> <!-- employeerecordtesting.EmployeeData -->
    </test> <!-- Default test -->
  </suite> <!-- Default suite -->
</testng-results>
